<?xml version="1.0" encoding="UTF-8"?>
<!-- Generated by org.testng.reporters.JUnitXMLReporter -->
<testsuite ignored="1" hostname="NPF13Q18E" failures="0" tests="5" name="Default test(failed)" time="6.226" errors="0" timestamp="2023-01-03T01:28:04 EET">
  <testcase classname="tests.SC12_CreateSuccessfulOrder" name="RegisteredUserCanLogin" time="2.761"/>
  <testcase classname="tests.SC12_CreateSuccessfulOrder" name="searchproduct" time="0.769"/>
  <testcase classname="tests.SC12_CreateSuccessfulOrder" name="userCanAddProductToCart" time="0.447"/>
  <testcase classname="tests.SC12_CreateSuccessfulOrder" name="navigateToShoppingCart" time="0.569"/>
  <testcase classname="tests.SC12_CreateSuccessfulOrder" name="userCanCheckOut" time="1.631"/>
  <testcase classname="tests.SC12_CreateSuccessfulOrder" name="userCanOrderProduct" time="0.0">
    <ignored/>
  </testcase> <!-- userCanOrderProduct -->
</testsuite> <!-- Default test(failed) -->
