<?xml version="1.0" encoding="UTF-8"?>
<testng-results ignored="0" total="12" passed="12" failed="0" skipped="0">
  <reporter-output>
  </reporter-output>
  <suite started-at="2023-01-09T22:58:43 EET" name="Default suite" finished-at="2023-01-09T22:59:20 EET" duration-ms="36720">
    <groups>
      <group name="cucumber">
        <method signature="AbstractTestNGCucumberTests.runScenario(io.cucumber.testng.PickleWrapper,io.cucumber.testng.FeatureWrapper)[pri:0, instance:runner.TestRunner@61f0cd64]" name="runScenario" class="io.cucumber.testng.AbstractTestNGCucumberTests"/>
      </group> <!-- cucumber -->
    </groups>
    <test started-at="2023-01-09T22:58:43 EET" name="Default test" finished-at="2023-01-09T22:59:20 EET" duration-ms="36720">
      <class name="runner.TestRunner">
        <test-method is-config="true" signature="startDriver()[pri:0, instance:runner.TestRunner@61f0cd64]" started-at="2023-01-09T22:58:37 EET" name="startDriver" finished-at="2023-01-09T22:58:43 EET" duration-ms="6067" status="PASS">
          <reporter-output>
          </reporter-output>
        </test-method> <!-- startDriver -->
        <test-method is-config="true" signature="setUpClass(org.testng.ITestContext)[pri:0, instance:runner.TestRunner@61f0cd64]" started-at="2023-01-09T22:58:43 EET" name="setUpClass" finished-at="2023-01-09T22:58:44 EET" duration-ms="891" status="PASS">
          <params>
            <param index="0">
              <value>
                <![CDATA[org.testng.TestRunner@b402fa33]]>
              </value>
            </param>
          </params>
          <reporter-output>
          </reporter-output>
        </test-method> <!-- setUpClass -->
        <test-method signature="runScenario(io.cucumber.testng.PickleWrapper,io.cucumber.testng.FeatureWrapper)[pri:0, instance:runner.TestRunner@61f0cd64]" started-at="2023-01-09T22:58:44 EET" name="runScenario" description="Runs Cucumber Scenarios" data-provider="scenarios" finished-at="2023-01-09T22:58:47 EET" duration-ms="3390" status="PASS">
          <params>
            <param index="0">
              <value>
                <![CDATA["User Registration"]]>
              </value>
            </param>
            <param index="1">
              <value>
                <![CDATA["User Registration"]]>
              </value>
            </param>
          </params>
          <reporter-output>
          </reporter-output>
        </test-method> <!-- runScenario -->
        <test-method signature="runScenario(io.cucumber.testng.PickleWrapper,io.cucumber.testng.FeatureWrapper)[pri:0, instance:runner.TestRunner@61f0cd64]" started-at="2023-01-09T22:58:47 EET" name="runScenario" description="Runs Cucumber Scenarios" data-provider="scenarios" finished-at="2023-01-09T22:58:49 EET" duration-ms="1679" status="PASS">
          <params>
            <param index="0">
              <value>
                <![CDATA["User Login"]]>
              </value>
            </param>
            <param index="1">
              <value>
                <![CDATA["User Login"]]>
              </value>
            </param>
          </params>
          <reporter-output>
          </reporter-output>
        </test-method> <!-- runScenario -->
        <test-method signature="runScenario(io.cucumber.testng.PickleWrapper,io.cucumber.testng.FeatureWrapper)[pri:0, instance:runner.TestRunner@61f0cd64]" started-at="2023-01-09T22:58:49 EET" name="runScenario" description="Runs Cucumber Scenarios" data-provider="scenarios" finished-at="2023-01-09T22:58:51 EET" duration-ms="1674" status="PASS">
          <params>
            <param index="0">
              <value>
                <![CDATA["Reset passowrd"]]>
              </value>
            </param>
            <param index="1">
              <value>
                <![CDATA["Reset passowrd"]]>
              </value>
            </param>
          </params>
          <reporter-output>
          </reporter-output>
        </test-method> <!-- runScenario -->
        <test-method signature="runScenario(io.cucumber.testng.PickleWrapper,io.cucumber.testng.FeatureWrapper)[pri:0, instance:runner.TestRunner@61f0cd64]" started-at="2023-01-09T22:58:51 EET" name="runScenario" description="Runs Cucumber Scenarios" data-provider="scenarios" finished-at="2023-01-09T22:58:53 EET" duration-ms="2910" status="PASS">
          <params>
            <param index="0">
              <value>
                <![CDATA["Search product"]]>
              </value>
            </param>
            <param index="1">
              <value>
                <![CDATA["Search product"]]>
              </value>
            </param>
          </params>
          <reporter-output>
          </reporter-output>
        </test-method> <!-- runScenario -->
        <test-method signature="runScenario(io.cucumber.testng.PickleWrapper,io.cucumber.testng.FeatureWrapper)[pri:0, instance:runner.TestRunner@61f0cd64]" started-at="2023-01-09T22:58:53 EET" name="runScenario" description="Runs Cucumber Scenarios" data-provider="scenarios" finished-at="2023-01-09T22:58:58 EET" duration-ms="4187" status="PASS">
          <params>
            <param index="0">
              <value>
                <![CDATA["Change currencies"]]>
              </value>
            </param>
            <param index="1">
              <value>
                <![CDATA["Change currencies"]]>
              </value>
            </param>
          </params>
          <reporter-output>
          </reporter-output>
        </test-method> <!-- runScenario -->
        <test-method signature="runScenario(io.cucumber.testng.PickleWrapper,io.cucumber.testng.FeatureWrapper)[pri:0, instance:runner.TestRunner@61f0cd64]" started-at="2023-01-09T22:58:58 EET" name="runScenario" description="Runs Cucumber Scenarios" data-provider="scenarios" finished-at="2023-01-09T22:58:59 EET" duration-ms="933" status="PASS">
          <params>
            <param index="0">
              <value>
                <![CDATA["Select different Categories"]]>
              </value>
            </param>
            <param index="1">
              <value>
                <![CDATA["Select different Categories"]]>
              </value>
            </param>
          </params>
          <reporter-output>
          </reporter-output>
        </test-method> <!-- runScenario -->
        <test-method signature="runScenario(io.cucumber.testng.PickleWrapper,io.cucumber.testng.FeatureWrapper)[pri:0, instance:runner.TestRunner@61f0cd64]" started-at="2023-01-09T22:58:59 EET" name="runScenario" description="Runs Cucumber Scenarios" data-provider="scenarios" finished-at="2023-01-09T22:59:00 EET" duration-ms="1087" status="PASS">
          <params>
            <param index="0">
              <value>
                <![CDATA["Filter with color"]]>
              </value>
            </param>
            <param index="1">
              <value>
                <![CDATA["Filter with color Filter with color"]]>
              </value>
            </param>
          </params>
          <reporter-output>
          </reporter-output>
        </test-method> <!-- runScenario -->
        <test-method signature="runScenario(io.cucumber.testng.PickleWrapper,io.cucumber.testng.FeatureWrapper)[pri:0, instance:runner.TestRunner@61f0cd64]" started-at="2023-01-09T22:59:00 EET" name="runScenario" description="Runs Cucumber Scenarios" data-provider="scenarios" finished-at="2023-01-09T22:59:02 EET" duration-ms="2118" status="PASS">
          <params>
            <param index="0">
              <value>
                <![CDATA["Select different tag"]]>
              </value>
            </param>
            <param index="1">
              <value>
                <![CDATA["Select different tag"]]>
              </value>
            </param>
          </params>
          <reporter-output>
          </reporter-output>
        </test-method> <!-- runScenario -->
        <test-method signature="runScenario(io.cucumber.testng.PickleWrapper,io.cucumber.testng.FeatureWrapper)[pri:0, instance:runner.TestRunner@61f0cd64]" started-at="2023-01-09T22:59:02 EET" name="runScenario" description="Runs Cucumber Scenarios" data-provider="scenarios" finished-at="2023-01-09T22:59:07 EET" duration-ms="5115" status="PASS">
          <params>
            <param index="0">
              <value>
                <![CDATA["Add differnet products to Cart"]]>
              </value>
            </param>
            <param index="1">
              <value>
                <![CDATA["Add differnet products to Cart"]]>
              </value>
            </param>
          </params>
          <reporter-output>
          </reporter-output>
        </test-method> <!-- runScenario -->
        <test-method signature="runScenario(io.cucumber.testng.PickleWrapper,io.cucumber.testng.FeatureWrapper)[pri:0, instance:runner.TestRunner@61f0cd64]" started-at="2023-01-09T22:59:07 EET" name="runScenario" description="Runs Cucumber Scenarios" data-provider="scenarios" finished-at="2023-01-09T22:59:09 EET" duration-ms="2591" status="PASS">
          <params>
            <param index="0">
              <value>
                <![CDATA["Add differnet products to wishlist"]]>
              </value>
            </param>
            <param index="1">
              <value>
                <![CDATA["Add differnet products to wishlist"]]>
              </value>
            </param>
          </params>
          <reporter-output>
          </reporter-output>
        </test-method> <!-- runScenario -->
        <test-method signature="runScenario(io.cucumber.testng.PickleWrapper,io.cucumber.testng.FeatureWrapper)[pri:0, instance:runner.TestRunner@61f0cd64]" started-at="2023-01-09T22:59:09 EET" name="runScenario" description="Runs Cucumber Scenarios" data-provider="scenarios" finished-at="2023-01-09T22:59:12 EET" duration-ms="2661" status="PASS">
          <params>
            <param index="0">
              <value>
                <![CDATA["Add differnet products to compare list"]]>
              </value>
            </param>
            <param index="1">
              <value>
                <![CDATA["Add differnet products to compare list"]]>
              </value>
            </param>
          </params>
          <reporter-output>
          </reporter-output>
        </test-method> <!-- runScenario -->
        <test-method signature="runScenario(io.cucumber.testng.PickleWrapper,io.cucumber.testng.FeatureWrapper)[pri:0, instance:runner.TestRunner@61f0cd64]" started-at="2023-01-09T22:59:12 EET" name="runScenario" description="Runs Cucumber Scenarios" data-provider="scenarios" finished-at="2023-01-09T22:59:19 EET" duration-ms="7348" status="PASS">
          <params>
            <param index="0">
              <value>
                <![CDATA["create successful order"]]>
              </value>
            </param>
            <param index="1">
              <value>
                <![CDATA["create successful order"]]>
              </value>
            </param>
          </params>
          <reporter-output>
          </reporter-output>
        </test-method> <!-- runScenario -->
        <test-method is-config="true" signature="tearDownClass()[pri:0, instance:runner.TestRunner@61f0cd64]" started-at="2023-01-09T22:59:19 EET" name="tearDownClass" finished-at="2023-01-09T22:59:20 EET" duration-ms="56" status="PASS">
          <reporter-output>
          </reporter-output>
        </test-method> <!-- tearDownClass -->
        <test-method is-config="true" signature="stopDriver()[pri:0, instance:runner.TestRunner@61f0cd64]" started-at="2023-01-09T22:59:20 EET" name="stopDriver" finished-at="2023-01-09T22:59:20 EET" duration-ms="671" status="PASS">
          <reporter-output>
          </reporter-output>
        </test-method> <!-- stopDriver -->
      </class> <!-- runner.TestRunner -->
    </test> <!-- Default test -->
  </suite> <!-- Default suite -->
</testng-results>
